Vivado Simulator v2023.1
Copyright 1986-2022 Xilinx, Inc. All Rights Reserved.
Copyright 2022-2023 Advanced Micro Devices, Inc. All Rights Reserved.
Running: C:/Xilinx/Vivado/2023.1/bin/unwrapped/win64.o/xelab.exe --incr --debug typical --relax --mt 2 -L xil_defaultlib -L unisims_ver -L unimacro_ver -L secureip --snapshot uwb_phy_tb_behav xil_defaultlib.uwb_phy_tb xil_defaultlib.glbl -log elaborate.log 
Using 2 slave threads.
Starting static elaboration
Pass Through NonSizing Optimizer
Completed static elaboration
Starting simulation data flow analysis
WARNING: [XSIM 43-4100] "D:/UNB_HD/TCC/transceptorUWB/Basys3_UWB_PHY/Basys3_UWB_PHY.sim/sim_1/behav/xsim/glbl.v" Line 6. Module glbl has a timescale but at least one module in design doesn't have timescale.
WARNING: [XSIM 43-4100] "D:/UNB_HD/TCC/transceptorUWB/Basys3_UWB_PHY/Basys3_UWB_PHY.sim/sim_1/behav/xsim/glbl.v" Line 6. Module glbl has a timescale but at least one module in design doesn't have timescale.
Completed simulation data flow analysis
Time Resolution for simulation is 1ps
Compiling module xil_defaultlib.reg_d(N=1)
Compiling module xil_defaultlib.shift_reg(N=4)
Compiling module xil_defaultlib.shr_detector
Compiling module xil_defaultlib.shift_reg_interleaver_default
Compiling module xil_defaultlib.deinterleaver
Compiling module xil_defaultlib.hcs
Compiling module xil_defaultlib.receiver_a
Compiling module xil_defaultlib.syndrome_calc
Compiling module xil_defaultlib.mult_mod
Compiling module xil_defaultlib.mult_bch_63_51_default
Compiling module xil_defaultlib.kes
Compiling module xil_defaultlib.chien_search_default
Compiling module xil_defaultlib.bch_decoder
Compiling module xil_defaultlib.shift_reg(N=51)
Compiling module xil_defaultlib.shift_reg(N=12)
Compiling module xil_defaultlib.receiver_b
Compiling module xil_defaultlib.receiver
Compiling module xil_defaultlib.scrambler
Compiling module xil_defaultlib.bch_encoder
Compiling module xil_defaultlib.interleaver
Compiling module xil_defaultlib.shift_reg(N=40)
Compiling module xil_defaultlib.shift_reg(N=2612)
Compiling module xil_defaultlib.transmitter
Compiling module xil_defaultlib.spi
Compiling module xil_defaultlib.shift_reg(N=24)
Compiling module xil_defaultlib.shift_reg_var(N=2120)
Compiling module xil_defaultlib.uwb_phy
Compiling module xil_defaultlib.uwb_phy_tb
Compiling module xil_defaultlib.glbl
Built simulation snapshot uwb_phy_tb_behav
