#-----------------------------------------------------------
# Vivado v2023.1 (64-bit)
# SW Build 3865809 on Sun May  7 15:05:29 MDT 2023
# IP Build 3864474 on Sun May  7 20:36:21 MDT 2023
# SharedData Build 3865790 on Sun May 07 13:33:03 MDT 2023
# Start of session at: Wed Oct  1 21:42:21 2025
# Process ID: 15904
# Current directory: D:/UNB_HD/TCC/transceptorUWB/Basys3_UWB_PHY
# Command line: vivado.exe -gui_launcher_event rodinguilauncherevent9944 D:\UNB_HD\TCC\transceptorUWB\Basys3_UWB_PHY\Basys3_UWB_PHY.xpr
# Log file: D:/UNB_HD/TCC/transceptorUWB/Basys3_UWB_PHY/vivado.log
# Journal file: D:/UNB_HD/TCC/transceptorUWB/Basys3_UWB_PHY\vivado.jou
# Running On: DESKTOP-2O6GH5E, OS: Windows, CPU Frequency: 2808 MHz, CPU Physical cores: 4, Host memory: 17039 MB
#-----------------------------------------------------------
start_gui
open_project D:/UNB_HD/TCC/transceptorUWB/Basys3_UWB_PHY/Basys3_UWB_PHY.xpr
WARNING: [Board 49-26] cannot add Board Part xilinx.com:kc705:part0:1.6 available at C:/Xilinx/Vivado/2023.1/data/xhub/boards/XilinxBoardStore/boards/Xilinx/kc705/1.6/board.xml as part xc7k325tffg900-2 specified in board_part file is either invalid or not available
WARNING: [Board 49-26] cannot add Board Part xilinx.com:kcu105:part0:1.6 available at C:/Xilinx/Vivado/2023.1/data/xhub/boards/XilinxBoardStore/boards/Xilinx/kcu105/1.6/board.xml as part xcku040-ffva1156-2-e specified in board_part file is either invalid or not available
WARNING: [Board 49-26] cannot add Board Part xilinx.com:kcu105:part0:1.7 available at C:/Xilinx/Vivado/2023.1/data/xhub/boards/XilinxBoardStore/boards/Xilinx/kcu105/1.7/board.xml as part xcku040-ffva1156-2-e specified in board_part file is either invalid or not available
WARNING: [Board 49-26] cannot add Board Part xilinx.com:kcu1500:part0:1.2 available at C:/Xilinx/Vivado/2023.1/data/xhub/boards/XilinxBoardStore/boards/Xilinx/kcu1500/1.2/board.xml as part xcku115-flvb2104-2-e specified in board_part file is either invalid or not available
WARNING: [Board 49-26] cannot add Board Part xilinx.com:vc707:part0:1.4 available at C:/Xilinx/Vivado/2023.1/data/xhub/boards/XilinxBoardStore/boards/Xilinx/vc707/1.4/board.xml as part xc7vx485tffg1761-2 specified in board_part file is either invalid or not available
WARNING: [Board 49-26] cannot add Board Part xilinx.com:vc709:part0:1.8 available at C:/Xilinx/Vivado/2023.1/data/xhub/boards/XilinxBoardStore/boards/Xilinx/vc709/1.8/board.xml as part xc7vx690tffg1761-2 specified in board_part file is either invalid or not available
WARNING: [Board 49-26] cannot add Board Part xilinx.com:vck190:part0:2.2 available at C:/Xilinx/Vivado/2023.1/data/xhub/boards/XilinxBoardStore/boards/Xilinx/vck190/production/2.2/board.xml as part xcvc1902-vsva2197-2mp-e-s specified in board_part file is either invalid or not available
WARNING: [Board 49-26] cannot add Board Part xilinx.com:vck190:part0:3.0 available at C:/Xilinx/Vivado/2023.1/data/xhub/boards/XilinxBoardStore/boards/Xilinx/vck190/production/3.0/board.xml as part xcvc1902-vsva2197-2mp-e-s specified in board_part file is either invalid or not available
WARNING: [Board 49-26] cannot add Board Part xilinx.com:vck190:part0:3.1 available at C:/Xilinx/Vivado/2023.1/data/xhub/boards/XilinxBoardStore/boards/Xilinx/vck190/production/3.1/board.xml as part xcvc1902-vsva2197-2mp-e-s specified in board_part file is either invalid or not available
WARNING: [Board 49-26] cannot add Board Part xilinx.com:vck190:part0:3.2 available at C:/Xilinx/Vivado/2023.1/data/xhub/boards/XilinxBoardStore/boards/Xilinx/vck190/production/3.2/board.xml as part xcvc1902-vsva2197-2mp-e-s specified in board_part file is either invalid or not available
WARNING: [Board 49-26] cannot add Board Part xilinx.com:vck190_newl:part0:1.0 available at C:/Xilinx/Vivado/2023.1/data/xhub/boards/XilinxBoardStore/boards/Xilinx/vck190_newl/production/1.0/board.xml as part xcvc1902-vsva2197-2mp-e-s specified in board_part file is either invalid or not available
WARNING: [Board 49-26] cannot add Board Part xilinx.com:vck190_newl:part0:1.1 available at C:/Xilinx/Vivado/2023.1/data/xhub/boards/XilinxBoardStore/boards/Xilinx/vck190_newl/production/1.1/board.xml as part xcvc1902-vsva2197-2mp-e-s specified in board_part file is either invalid or not available
WARNING: [Board 49-26] cannot add Board Part xilinx.com:vcu108:part0:1.6 available at C:/Xilinx/Vivado/2023.1/data/xhub/boards/XilinxBoardStore/boards/Xilinx/vcu108/1.6/board.xml as part xcvu095-ffva2104-2-e specified in board_part file is either invalid or not available
WARNING: [Board 49-26] cannot add Board Part xilinx.com:vcu108:part0:1.7 available at C:/Xilinx/Vivado/2023.1/data/xhub/boards/XilinxBoardStore/boards/Xilinx/vcu108/1.7/board.xml as part xcvu095-ffva2104-2-e specified in board_part file is either invalid or not available
WARNING: [Board 49-26] cannot add Board Part xilinx.com:vcu110:part0:1.4 available at C:/Xilinx/Vivado/2023.1/data/xhub/boards/XilinxBoardStore/boards/Xilinx/vcu110/1.4/board.xml as part xcvu190-flgc2104-2-e specified in board_part file is either invalid or not available
WARNING: [Board 49-26] cannot add Board Part xilinx.com:vcu118:part0:2.0 available at C:/Xilinx/Vivado/2023.1/data/xhub/boards/XilinxBoardStore/boards/Xilinx/vcu118/2.0/board.xml as part xcvu9p-flga2104-2l-e specified in board_part file is either invalid or not available
WARNING: [Board 49-26] cannot add Board Part xilinx.com:vcu118:part0:2.3 available at C:/Xilinx/Vivado/2023.1/data/xhub/boards/XilinxBoardStore/boards/Xilinx/vcu118/2.3/board.xml as part xcvu9p-flga2104-2l-e specified in board_part file is either invalid or not available
WARNING: [Board 49-26] cannot add Board Part xilinx.com:vcu118:part0:2.4 available at C:/Xilinx/Vivado/2023.1/data/xhub/boards/XilinxBoardStore/boards/Xilinx/vcu118/2.4/board.xml as part xcvu9p-flga2104-2l-e specified in board_part file is either invalid or not available
WARNING: [Board 49-26] cannot add Board Part xilinx.com:vcu129:part0:1.0 available at C:/Xilinx/Vivado/2023.1/data/xhub/boards/XilinxBoardStore/boards/Xilinx/vcu129/production/1.0/board.xml as part xcvu29p-fsga2577-2l-e specified in board_part file is either invalid or not available
WARNING: [Board 49-26] cannot add Board Part xilinx.com:vcu1525:part0:1.3 available at C:/Xilinx/Vivado/2023.1/data/xhub/boards/XilinxBoardStore/boards/Xilinx/vcu1525/1.3/board.xml as part xcvu9p-fsgd2104-2l-e specified in board_part file is either invalid or not available
WARNING: [Board 49-26] cannot add Board Part xilinx.com:vek280_es:part0:1.0 available at C:/Xilinx/Vivado/2023.1/data/xhub/boards/XilinxBoardStore/boards/Xilinx/vek280/es/rev_a/1.0/board.xml as part xcve2802-vsvh1760-2lp-e-s-es1 specified in board_part file is either invalid or not available
WARNING: [Board 49-26] cannot add Board Part xilinx.com:vek280_es:part0:1.1 available at C:/Xilinx/Vivado/2023.1/data/xhub/boards/XilinxBoardStore/boards/Xilinx/vek280/es/rev_a/1.1/board.xml as part xcve2802-vsvh1760-2lp-e-s-es1 specified in board_part file is either invalid or not available
WARNING: [Board 49-26] cannot add Board Part xilinx.com:vek280_es_revb:part0:1.0 available at C:/Xilinx/Vivado/2023.1/data/xhub/boards/XilinxBoardStore/boards/Xilinx/vek280/es/rev_b/1.0/board.xml as part xcve2802-vsvh1760-2mp-e-s-es1 specified in board_part file is either invalid or not available
WARNING: [Board 49-26] cannot add Board Part xilinx.com:vek280_es_revb:part0:1.1 available at C:/Xilinx/Vivado/2023.1/data/xhub/boards/XilinxBoardStore/boards/Xilinx/vek280/es/rev_b/1.1/board.xml as part xcve2802-vsvh1760-2mp-e-s-es1 specified in board_part file is either invalid or not available
WARNING: [Board 49-26] cannot add Board Part xilinx.com:vermeo_t1_mpsoc:part0:1.0 available at C:/Xilinx/Vivado/2023.1/data/xhub/boards/XilinxBoardStore/boards/Xilinx/vermeo_t1_mpsoc/1.0/board.xml as part xczu19eg-ffvd1760-2l-e specified in board_part file is either invalid or not available
WARNING: [Board 49-26] cannot add Board Part xilinx.com:vermeo_t1_rfsoc:part0:1.0 available at C:/Xilinx/Vivado/2023.1/data/xhub/boards/XilinxBoardStore/boards/Xilinx/vermeo_t1_rfsoc/1.0/board.xml as part xczu21dr-ffvd1156-2l-e specified in board_part file is either invalid or not available
WARNING: [Board 49-26] cannot add Board Part xilinx.com:vhk158:part0:1.0 available at C:/Xilinx/Vivado/2023.1/data/xhub/boards/XilinxBoardStore/boards/Xilinx/vhk158/production/1.0/board.xml as part xcvh1582-vsva3697-2mp-e-s specified in board_part file is either invalid or not available
WARNING: [Board 49-26] cannot add Board Part xilinx.com:vhk158_es:part0:1.0 available at C:/Xilinx/Vivado/2023.1/data/xhub/boards/XilinxBoardStore/boards/Xilinx/vhk158/es/1.0/board.xml as part xcvh1582-vsva3697-2mp-e-s-es1 specified in board_part file is either invalid or not available
WARNING: [Board 49-26] cannot add Board Part xilinx.com:vhk158_es:part0:1.1 available at C:/Xilinx/Vivado/2023.1/data/xhub/boards/XilinxBoardStore/boards/Xilinx/vhk158/es/1.1/board.xml as part xcvh1582-vsva3697-2mp-e-s-es1 specified in board_part file is either invalid or not available
INFO: [filemgmt 56-3] Default IP Output Path : Could not find the directory 'D:/UNB_HD/TCC/transceptorUWB/Basys3_UWB_PHY/Basys3_UWB_PHY.gen/sources_1'.
WARNING: [Board 49-26] cannot add Board Part xilinx.com:vmk180:part0:2.2 available at C:/Xilinx/Vivado/2023.1/data/xhub/boards/XilinxBoardStore/boards/Xilinx/vmk180/production/2.2/board.xml as part xcvm1802-vsva2197-2mp-e-s specified in board_part file is either invalid or not available
WARNING: [Board 49-26] cannot add Board Part xilinx.com:vmk180:part0:3.0 available at C:/Xilinx/Vivado/2023.1/data/xhub/boards/XilinxBoardStore/boards/Xilinx/vmk180/production/3.0/board.xml as part xcvm1802-vsva2197-2mp-e-s specified in board_part file is either invalid or not available
WARNING: [Board 49-26] cannot add Board Part xilinx.com:vmk180:part0:3.1 available at C:/Xilinx/Vivado/2023.1/data/xhub/boards/XilinxBoardStore/boards/Xilinx/vmk180/production/3.1/board.xml as part xcvm1802-vsva2197-2mp-e-s specified in board_part file is either invalid or not available
WARNING: [Board 49-26] cannot add Board Part xilinx.com:vmk180:part0:3.2 available at C:/Xilinx/Vivado/2023.1/data/xhub/boards/XilinxBoardStore/boards/Xilinx/vmk180/production/3.2/board.xml as part xcvm1802-vsva2197-2mp-e-s specified in board_part file is either invalid or not available
WARNING: [Board 49-26] cannot add Board Part xilinx.com:vmk180_newl:part0:1.0 available at C:/Xilinx/Vivado/2023.1/data/xhub/boards/XilinxBoardStore/boards/Xilinx/vmk180_newl/production/1.0/board.xml as part xcvm1802-vsva2197-2mp-e-s specified in board_part file is either invalid or not available
WARNING: [Board 49-26] cannot add Board Part xilinx.com:vmk180_newl:part0:1.1 available at C:/Xilinx/Vivado/2023.1/data/xhub/boards/XilinxBoardStore/boards/Xilinx/vmk180_newl/production/1.1/board.xml as part xcvm1802-vsva2197-2mp-e-s specified in board_part file is either invalid or not available
WARNING: [Board 49-26] cannot add Board Part xilinx.com:vpk120:part0:1.0 available at C:/Xilinx/Vivado/2023.1/data/xhub/boards/XilinxBoardStore/boards/Xilinx/vpk120/production/1.0/board.xml as part xcvp1202-vsva2785-2mp-e-s specified in board_part file is either invalid or not available
WARNING: [Board 49-26] cannot add Board Part xilinx.com:vpk120:part0:1.1 available at C:/Xilinx/Vivado/2023.1/data/xhub/boards/XilinxBoardStore/boards/Xilinx/vpk120/production/1.1/board.xml as part xcvp1202-vsva2785-2mp-e-s specified in board_part file is either invalid or not available
WARNING: [Board 49-26] cannot add Board Part xilinx.com:vpk120_es:part0:1.2 available at C:/Xilinx/Vivado/2023.1/data/xhub/boards/XilinxBoardStore/boards/Xilinx/vpk120/es/1.2/board.xml as part xcvp1202-vsva2785-2mp-e-s-es1 specified in board_part file is either invalid or not available
WARNING: [Board 49-26] cannot add Board Part xilinx.com:vpk120_es:part0:1.3 available at C:/Xilinx/Vivado/2023.1/data/xhub/boards/XilinxBoardStore/boards/Xilinx/vpk120/es/1.3/board.xml as part xcvp1202-vsva2785-2mp-e-s-es1 specified in board_part file is either invalid or not available
WARNING: [Board 49-26] cannot add Board Part xilinx.com:vpk120_es_revb:part0:1.0 available at C:/Xilinx/Vivado/2023.1/data/xhub/boards/XilinxBoardStore/boards/Xilinx/vpk120_revb/es/1.0/board.xml as part xcvp1202-vsva2785-2mp-e-s-es1 specified in board_part file is either invalid or not available
WARNING: [Board 49-26] cannot add Board Part xilinx.com:vpk120_es_revb:part0:1.1 available at C:/Xilinx/Vivado/2023.1/data/xhub/boards/XilinxBoardStore/boards/Xilinx/vpk120_revb/es/1.1/board.xml as part xcvp1202-vsva2785-2mp-e-s-es1 specified in board_part file is either invalid or not available
WARNING: [Board 49-26] cannot add Board Part xilinx.com:vpk180:part0:1.0 available at C:/Xilinx/Vivado/2023.1/data/xhub/boards/XilinxBoardStore/boards/Xilinx/vpk180/production/1.0/board.xml as part xcvp1802-lsvc4072-2mp-e-s specified in board_part file is either invalid or not available
WARNING: [Board 49-26] cannot add Board Part xilinx.com:vpk180:part0:1.1 available at C:/Xilinx/Vivado/2023.1/data/xhub/boards/XilinxBoardStore/boards/Xilinx/vpk180/production/1.1/board.xml as part xcvp1802-lsvc4072-2mp-e-s specified in board_part file is either invalid or not available
WARNING: [Board 49-26] cannot add Board Part xilinx.com:vpk180_es:part0:1.0 available at C:/Xilinx/Vivado/2023.1/data/xhub/boards/XilinxBoardStore/boards/Xilinx/vpk180/es/1.0/board.xml as part xcvp1802-lsvc4072-2mp-e-s-es1 specified in board_part file is either invalid or not available
WARNING: [Board 49-26] cannot add Board Part xilinx.com:vpk180_es:part0:1.1 available at C:/Xilinx/Vivado/2023.1/data/xhub/boards/XilinxBoardStore/boards/Xilinx/vpk180/es/1.1/board.xml as part xcvp1802-lsvc4072-2mp-e-s-es1 specified in board_part file is either invalid or not available
WARNING: [Board 49-26] cannot add Board Part xilinx.com:zc706:part0:1.4 available at C:/Xilinx/Vivado/2023.1/data/xhub/boards/XilinxBoardStore/boards/Xilinx/zc706/1.4/board.xml as part xc7z045ffg900-2 specified in board_part file is either invalid or not available
WARNING: [Board 49-26] cannot add Board Part xilinx.com:zcu102:part0:3.3 available at C:/Xilinx/Vivado/2023.1/data/xhub/boards/XilinxBoardStore/boards/Xilinx/zcu102/3.3/board.xml as part xczu9eg-ffvb1156-2-e specified in board_part file is either invalid or not available
WARNING: [Board 49-26] cannot add Board Part xilinx.com:zcu102:part0:3.4 available at C:/Xilinx/Vivado/2023.1/data/xhub/boards/XilinxBoardStore/boards/Xilinx/zcu102/3.4/board.xml as part xczu9eg-ffvb1156-2-e specified in board_part file is either invalid or not available
WARNING: [Board 49-26] cannot add Board Part xilinx.com:zcu111:part0:1.2 available at C:/Xilinx/Vivado/2023.1/data/xhub/boards/XilinxBoardStore/boards/Xilinx/zcu111/1.2/board.xml as part xczu28dr-ffvg1517-2-e specified in board_part file is either invalid or not available
WARNING: [Board 49-26] cannot add Board Part xilinx.com:zcu111:part0:1.3 available at C:/Xilinx/Vivado/2023.1/data/xhub/boards/XilinxBoardStore/boards/Xilinx/zcu111/1.3/board.xml as part xczu28dr-ffvg1517-2-e specified in board_part file is either invalid or not available
WARNING: [Board 49-26] cannot add Board Part xilinx.com:zcu111:part0:1.4 available at C:/Xilinx/Vivado/2023.1/data/xhub/boards/XilinxBoardStore/boards/Xilinx/zcu111/1.4/board.xml as part xczu28dr-ffvg1517-2-e specified in board_part file is either invalid or not available
WARNING: [Board 49-26] cannot add Board Part xilinx.com:zcu1275:part0:1.0 available at C:/Xilinx/Vivado/2023.1/data/xhub/boards/XilinxBoardStore/boards/Xilinx/zcu1275/1.0/board.xml as part xczu29dr-ffvf1760-2-e specified in board_part file is either invalid or not available
WARNING: [Board 49-26] cannot add Board Part xilinx.com:zcu1285:part0:1.0 available at C:/Xilinx/Vivado/2023.1/data/xhub/boards/XilinxBoardStore/boards/Xilinx/zcu1285/1.0/board.xml as part xczu39dr-ffvf1760-2-i specified in board_part file is either invalid or not available
WARNING: [Board 49-26] cannot add Board Part xilinx.com:zcu208:part0:2.0 available at C:/Xilinx/Vivado/2023.1/data/xhub/boards/XilinxBoardStore/boards/Xilinx/zcu208/production/2.0/board.xml as part xczu48dr-fsvg1517-2-e specified in board_part file is either invalid or not available
WARNING: [Board 49-26] cannot add Board Part xilinx.com:zcu208ld:part0:2.0 available at C:/Xilinx/Vivado/2023.1/data/xhub/boards/XilinxBoardStore/boards/Xilinx/zcu208ld/production/2.0/board.xml as part xczu58dr-fsvg1517-2-i specified in board_part file is either invalid or not available
WARNING: [Board 49-26] cannot add Board Part xilinx.com:zcu216:part0:2.0 available at C:/Xilinx/Vivado/2023.1/data/xhub/boards/XilinxBoardStore/boards/Xilinx/zcu216/production/2.0/board.xml as part xczu49dr-ffvf1760-2-e specified in board_part file is either invalid or not available
WARNING: [Board 49-26] cannot add Board Part xilinx.com:zcu216ld:part0:2.0 available at C:/Xilinx/Vivado/2023.1/data/xhub/boards/XilinxBoardStore/boards/Xilinx/zcu216ld/production/2.0/board.xml as part xczu59dr-ffvf1760-2-i specified in board_part file is either invalid or not available
WARNING: [Board 49-26] cannot add Board Part xilinx.com:zcu670:part0:2.0 available at C:/Xilinx/Vivado/2023.1/data/xhub/boards/XilinxBoardStore/boards/Xilinx/zcu670/2.0/board.xml as part xczu67dr-fsve1156-2-i specified in board_part file is either invalid or not available
WARNING: [Board 49-26] cannot add Board Part xilinx.com:zcu670ld:part0:1.0 available at C:/Xilinx/Vivado/2023.1/data/xhub/boards/XilinxBoardStore/boards/Xilinx/zcu670ld/1.0/board.xml as part xczu57dr-fsve1156-2-i specified in board_part file is either invalid or not available
Scanning sources...
Finished scanning sources
INFO: [IP_Flow 19-234] Refreshing IP repositories
INFO: [IP_Flow 19-1704] No user IP repositories specified
INFO: [IP_Flow 19-2313] Loaded Vivado IP repository 'C:/Xilinx/Vivado/2023.1/data/ip'.
open_project: Time (s): cpu = 00:00:32 ; elapsed = 00:00:16 . Memory (MB): peak = 1476.504 ; gain = 190.059
update_compile_order -fileset sources_1
reset_run synth_1
INFO: [Project 1-1160] Copying file D:/UNB_HD/TCC/transceptorUWB/Basys3_UWB_PHY/Basys3_UWB_PHY.runs/synth_1/uwb_phy.dcp to D:/UNB_HD/TCC/transceptorUWB/Basys3_UWB_PHY/Basys3_UWB_PHY.srcs/utils_1/imports/synth_1 and adding it to utils fileset
launch_runs synth_1 -jobs 4
[Mon Oct 13 06:59:28 2025] Launched synth_1...
Run output will be captured here: D:/UNB_HD/TCC/transceptorUWB/Basys3_UWB_PHY/Basys3_UWB_PHY.runs/synth_1/runme.log
reset_run synth_1
INFO: [Project 1-1161] Replacing file D:/UNB_HD/TCC/transceptorUWB/Basys3_UWB_PHY/Basys3_UWB_PHY.srcs/utils_1/imports/synth_1/uwb_phy.dcp with file D:/UNB_HD/TCC/transceptorUWB/Basys3_UWB_PHY/Basys3_UWB_PHY.runs/synth_1/uwb_phy.dcp
launch_runs synth_1 -jobs 4
[Mon Oct 13 07:16:50 2025] Launched synth_1...
Run output will be captured here: D:/UNB_HD/TCC/transceptorUWB/Basys3_UWB_PHY/Basys3_UWB_PHY.runs/synth_1/runme.log
update_files -from_files D:/UNB_HD/TCC/transceptorUWB/Hercules/src/uwb_phy.v -to_files D:/UNB_HD/TCC/transceptorUWB/Hercules/src/uwb_phy.v -filesets [get_filesets *]
ERROR: [Vivado 12-3481] Cannot replace a file with itself: 'D:/UNB_HD/TCC/transceptorUWB/Hercules/src/uwb_phy.v'
import_files D:/UNB_HD/TCC/transceptorUWB/Hercules/src/uwb_phy.v
import_files
INFO: [filemgmt 20-348] Importing the appropriate files for fileset: 'constrs_1'
INFO: [filemgmt 20-348] Importing the appropriate files for fileset: 'sources_1'
INFO: [filemgmt 20-334] All file(s) are already imported in fileset: 'utils_1'
INFO: [filemgmt 20-348] Importing the appropriate files for fileset: 'utils_1'
reset_run synth_1
INFO: [Project 1-1161] Replacing file D:/UNB_HD/TCC/transceptorUWB/Basys3_UWB_PHY/Basys3_UWB_PHY.srcs/utils_1/imports/synth_1/uwb_phy.dcp with file D:/UNB_HD/TCC/transceptorUWB/Basys3_UWB_PHY/Basys3_UWB_PHY.runs/synth_1/uwb_phy.dcp
launch_runs synth_1 -jobs 4
[Mon Oct 13 07:34:04 2025] Launched synth_1...
Run output will be captured here: D:/UNB_HD/TCC/transceptorUWB/Basys3_UWB_PHY/Basys3_UWB_PHY.runs/synth_1/runme.log
export_ip_user_files -of_objects  [get_files D:/UNB_HD/TCC/transceptorUWB/Basys3_UWB_PHY/Basys3_UWB_PHY.srcs/sources_1/imports/src/uwb_phy.v] -no_script -reset -force -quiet
remove_files  D:/UNB_HD/TCC/transceptorUWB/Basys3_UWB_PHY/Basys3_UWB_PHY.srcs/sources_1/imports/src/uwb_phy.v
file delete -force D:/UNB_HD/TCC/transceptorUWB/Basys3_UWB_PHY/Basys3_UWB_PHY.srcs/sources_1/imports/src/uwb_phy.v
update_compile_order -fileset sources_1
export_ip_user_files -of_objects  [get_files D:/UNB_HD/TCC/transceptorUWB/Basys3_UWB_PHY/Basys3_UWB_PHY.srcs/sources_1/imports/src/shift_reg_var.v] -no_script -reset -force -quiet
remove_files  D:/UNB_HD/TCC/transceptorUWB/Basys3_UWB_PHY/Basys3_UWB_PHY.srcs/sources_1/imports/src/shift_reg_var.v
file delete -force D:/UNB_HD/TCC/transceptorUWB/Basys3_UWB_PHY/Basys3_UWB_PHY.srcs/sources_1/imports/src/shift_reg_var.v
export_ip_user_files -of_objects  [get_files D:/UNB_HD/TCC/transceptorUWB/Basys3_UWB_PHY/Basys3_UWB_PHY.srcs/sources_1/imports/src/transmitter.v] -no_script -reset -force -quiet
remove_files  D:/UNB_HD/TCC/transceptorUWB/Basys3_UWB_PHY/Basys3_UWB_PHY.srcs/sources_1/imports/src/transmitter.v
file delete -force D:/UNB_HD/TCC/transceptorUWB/Basys3_UWB_PHY/Basys3_UWB_PHY.srcs/sources_1/imports/src/transmitter.v
export_ip_user_files -of_objects  [get_files D:/UNB_HD/TCC/transceptorUWB/Basys3_UWB_PHY/Basys3_UWB_PHY.srcs/sources_1/imports/src/receiver.v] -no_script -reset -force -quiet
remove_files  D:/UNB_HD/TCC/transceptorUWB/Basys3_UWB_PHY/Basys3_UWB_PHY.srcs/sources_1/imports/src/receiver.v
file delete -force D:/UNB_HD/TCC/transceptorUWB/Basys3_UWB_PHY/Basys3_UWB_PHY.srcs/sources_1/imports/src/receiver.v
export_ip_user_files -of_objects  [get_files D:/UNB_HD/TCC/transceptorUWB/Basys3_UWB_PHY/Basys3_UWB_PHY.srcs/sources_1/imports/src/spi.v] -no_script -reset -force -quiet
remove_files  D:/UNB_HD/TCC/transceptorUWB/Basys3_UWB_PHY/Basys3_UWB_PHY.srcs/sources_1/imports/src/spi.v
file delete -force D:/UNB_HD/TCC/transceptorUWB/Basys3_UWB_PHY/Basys3_UWB_PHY.srcs/sources_1/imports/src/spi.v
update_compile_order -fileset sources_1
export_ip_user_files -of_objects  [get_files D:/UNB_HD/TCC/transceptorUWB/Basys3_UWB_PHY/Basys3_UWB_PHY.srcs/sources_1/imports/src/receiver_a.v] -no_script -reset -force -quiet
remove_files  D:/UNB_HD/TCC/transceptorUWB/Basys3_UWB_PHY/Basys3_UWB_PHY.srcs/sources_1/imports/src/receiver_a.v
file delete -force D:/UNB_HD/TCC/transceptorUWB/Basys3_UWB_PHY/Basys3_UWB_PHY.srcs/sources_1/imports/src/receiver_a.v
export_ip_user_files -of_objects  [get_files D:/UNB_HD/TCC/transceptorUWB/Basys3_UWB_PHY/Basys3_UWB_PHY.srcs/sources_1/imports/src/receiver_b.v] -no_script -reset -force -quiet
remove_files  D:/UNB_HD/TCC/transceptorUWB/Basys3_UWB_PHY/Basys3_UWB_PHY.srcs/sources_1/imports/src/receiver_b.v
file delete -force D:/UNB_HD/TCC/transceptorUWB/Basys3_UWB_PHY/Basys3_UWB_PHY.srcs/sources_1/imports/src/receiver_b.v
export_ip_user_files -of_objects  [get_files D:/UNB_HD/TCC/transceptorUWB/Basys3_UWB_PHY/Basys3_UWB_PHY.srcs/sources_1/imports/src/interleaver.v] -no_script -reset -force -quiet
remove_files  D:/UNB_HD/TCC/transceptorUWB/Basys3_UWB_PHY/Basys3_UWB_PHY.srcs/sources_1/imports/src/interleaver.v
file delete -force D:/UNB_HD/TCC/transceptorUWB/Basys3_UWB_PHY/Basys3_UWB_PHY.srcs/sources_1/imports/src/interleaver.v
export_ip_user_files -of_objects  [get_files D:/UNB_HD/TCC/transceptorUWB/Basys3_UWB_PHY/Basys3_UWB_PHY.srcs/sources_1/imports/src/bch_encoder.v] -no_script -reset -force -quiet
remove_files  D:/UNB_HD/TCC/transceptorUWB/Basys3_UWB_PHY/Basys3_UWB_PHY.srcs/sources_1/imports/src/bch_encoder.v
file delete -force D:/UNB_HD/TCC/transceptorUWB/Basys3_UWB_PHY/Basys3_UWB_PHY.srcs/sources_1/imports/src/bch_encoder.v
export_ip_user_files -of_objects  [get_files D:/UNB_HD/TCC/transceptorUWB/Basys3_UWB_PHY/Basys3_UWB_PHY.srcs/sources_1/imports/src/scrambler.v] -no_script -reset -force -quiet
remove_files  D:/UNB_HD/TCC/transceptorUWB/Basys3_UWB_PHY/Basys3_UWB_PHY.srcs/sources_1/imports/src/scrambler.v
file delete -force D:/UNB_HD/TCC/transceptorUWB/Basys3_UWB_PHY/Basys3_UWB_PHY.srcs/sources_1/imports/src/scrambler.v
update_compile_order -fileset sources_1
export_ip_user_files -of_objects  [get_files D:/UNB_HD/TCC/transceptorUWB/Basys3_UWB_PHY/Basys3_UWB_PHY.srcs/sources_1/imports/src/shift_reg.v] -no_script -reset -force -quiet
remove_files  D:/UNB_HD/TCC/transceptorUWB/Basys3_UWB_PHY/Basys3_UWB_PHY.srcs/sources_1/imports/src/shift_reg.v
file delete -force D:/UNB_HD/TCC/transceptorUWB/Basys3_UWB_PHY/Basys3_UWB_PHY.srcs/sources_1/imports/src/shift_reg.v
export_ip_user_files -of_objects  [get_files D:/UNB_HD/TCC/transceptorUWB/Basys3_UWB_PHY/Basys3_UWB_PHY.srcs/sources_1/imports/src/bch_decoder.v] -no_script -reset -force -quiet
remove_files  D:/UNB_HD/TCC/transceptorUWB/Basys3_UWB_PHY/Basys3_UWB_PHY.srcs/sources_1/imports/src/bch_decoder.v
file delete -force D:/UNB_HD/TCC/transceptorUWB/Basys3_UWB_PHY/Basys3_UWB_PHY.srcs/sources_1/imports/src/bch_decoder.v
export_ip_user_files -of_objects  [get_files D:/UNB_HD/TCC/transceptorUWB/Basys3_UWB_PHY/Basys3_UWB_PHY.srcs/sources_1/imports/src/deinterleaver.v] -no_script -reset -force -quiet
remove_files  D:/UNB_HD/TCC/transceptorUWB/Basys3_UWB_PHY/Basys3_UWB_PHY.srcs/sources_1/imports/src/deinterleaver.v
file delete -force D:/UNB_HD/TCC/transceptorUWB/Basys3_UWB_PHY/Basys3_UWB_PHY.srcs/sources_1/imports/src/deinterleaver.v
export_ip_user_files -of_objects  [get_files D:/UNB_HD/TCC/transceptorUWB/Basys3_UWB_PHY/Basys3_UWB_PHY.srcs/sources_1/imports/src/hcs.v] -no_script -reset -force -quiet
remove_files  D:/UNB_HD/TCC/transceptorUWB/Basys3_UWB_PHY/Basys3_UWB_PHY.srcs/sources_1/imports/src/hcs.v
file delete -force D:/UNB_HD/TCC/transceptorUWB/Basys3_UWB_PHY/Basys3_UWB_PHY.srcs/sources_1/imports/src/hcs.v
export_ip_user_files -of_objects  [get_files D:/UNB_HD/TCC/transceptorUWB/Basys3_UWB_PHY/Basys3_UWB_PHY.srcs/sources_1/imports/src/shr_detector.v] -no_script -reset -force -quiet
remove_files  D:/UNB_HD/TCC/transceptorUWB/Basys3_UWB_PHY/Basys3_UWB_PHY.srcs/sources_1/imports/src/shr_detector.v
file delete -force D:/UNB_HD/TCC/transceptorUWB/Basys3_UWB_PHY/Basys3_UWB_PHY.srcs/sources_1/imports/src/shr_detector.v
update_compile_order -fileset sources_1
export_ip_user_files -of_objects  [get_files D:/UNB_HD/TCC/transceptorUWB/Basys3_UWB_PHY/Basys3_UWB_PHY.srcs/sources_1/imports/src/shift_reg_interleaver.v] -no_script -reset -force -quiet
remove_files  D:/UNB_HD/TCC/transceptorUWB/Basys3_UWB_PHY/Basys3_UWB_PHY.srcs/sources_1/imports/src/shift_reg_interleaver.v
file delete -force D:/UNB_HD/TCC/transceptorUWB/Basys3_UWB_PHY/Basys3_UWB_PHY.srcs/sources_1/imports/src/shift_reg_interleaver.v
export_ip_user_files -of_objects  [get_files D:/UNB_HD/TCC/transceptorUWB/Basys3_UWB_PHY/Basys3_UWB_PHY.srcs/sources_1/imports/src/chien_search.v] -no_script -reset -force -quiet
remove_files  D:/UNB_HD/TCC/transceptorUWB/Basys3_UWB_PHY/Basys3_UWB_PHY.srcs/sources_1/imports/src/chien_search.v
file delete -force D:/UNB_HD/TCC/transceptorUWB/Basys3_UWB_PHY/Basys3_UWB_PHY.srcs/sources_1/imports/src/chien_search.v
export_ip_user_files -of_objects  [get_files D:/UNB_HD/TCC/transceptorUWB/Basys3_UWB_PHY/Basys3_UWB_PHY.srcs/sources_1/imports/src/kes.v] -no_script -reset -force -quiet
remove_files  D:/UNB_HD/TCC/transceptorUWB/Basys3_UWB_PHY/Basys3_UWB_PHY.srcs/sources_1/imports/src/kes.v
file delete -force D:/UNB_HD/TCC/transceptorUWB/Basys3_UWB_PHY/Basys3_UWB_PHY.srcs/sources_1/imports/src/kes.v
export_ip_user_files -of_objects  [get_files D:/UNB_HD/TCC/transceptorUWB/Basys3_UWB_PHY/Basys3_UWB_PHY.srcs/sources_1/imports/src/syndrome_calc.v] -no_script -reset -force -quiet
remove_files  D:/UNB_HD/TCC/transceptorUWB/Basys3_UWB_PHY/Basys3_UWB_PHY.srcs/sources_1/imports/src/syndrome_calc.v
file delete -force D:/UNB_HD/TCC/transceptorUWB/Basys3_UWB_PHY/Basys3_UWB_PHY.srcs/sources_1/imports/src/syndrome_calc.v
export_ip_user_files -of_objects  [get_files D:/UNB_HD/TCC/transceptorUWB/Basys3_UWB_PHY/Basys3_UWB_PHY.srcs/sources_1/imports/src/mult_bch_63_51.v] -no_script -reset -force -quiet
remove_files  D:/UNB_HD/TCC/transceptorUWB/Basys3_UWB_PHY/Basys3_UWB_PHY.srcs/sources_1/imports/src/mult_bch_63_51.v
file delete -force D:/UNB_HD/TCC/transceptorUWB/Basys3_UWB_PHY/Basys3_UWB_PHY.srcs/sources_1/imports/src/mult_bch_63_51.v
export_ip_user_files -of_objects  [get_files D:/UNB_HD/TCC/transceptorUWB/Basys3_UWB_PHY/Basys3_UWB_PHY.srcs/sources_1/imports/src/reg_d.v] -no_script -reset -force -quiet
remove_files  D:/UNB_HD/TCC/transceptorUWB/Basys3_UWB_PHY/Basys3_UWB_PHY.srcs/sources_1/imports/src/reg_d.v
file delete -force D:/UNB_HD/TCC/transceptorUWB/Basys3_UWB_PHY/Basys3_UWB_PHY.srcs/sources_1/imports/src/reg_d.v
export_ip_user_files -of_objects  [get_files D:/UNB_HD/TCC/transceptorUWB/Basys3_UWB_PHY/Basys3_UWB_PHY.srcs/sources_1/imports/src/mult_mod.v] -no_script -reset -force -quiet
remove_files  D:/UNB_HD/TCC/transceptorUWB/Basys3_UWB_PHY/Basys3_UWB_PHY.srcs/sources_1/imports/src/mult_mod.v
file delete -force D:/UNB_HD/TCC/transceptorUWB/Basys3_UWB_PHY/Basys3_UWB_PHY.srcs/sources_1/imports/src/mult_mod.v
add_files -norecurse -scan_for_includes {D:/UNB_HD/TCC/transceptorUWB/Hercules/src/interleaver.v D:/UNB_HD/TCC/transceptorUWB/Hercules/src/hcs.v D:/UNB_HD/TCC/transceptorUWB/Hercules/src/transmitter.v D:/UNB_HD/TCC/transceptorUWB/Hercules/src/chien_search.v D:/UNB_HD/TCC/transceptorUWB/Hercules/src/bch_encoder.v D:/UNB_HD/TCC/transceptorUWB/Hercules/src/mult_bch_63_51.v D:/UNB_HD/TCC/transceptorUWB/Hercules/src/uwb_phy.v D:/UNB_HD/TCC/transceptorUWB/Hercules/src/deinterleaver.v D:/UNB_HD/TCC/transceptorUWB/Hercules/src/bch_decoder.v}
import_files -norecurse {D:/UNB_HD/TCC/transceptorUWB/Hercules/src/interleaver.v D:/UNB_HD/TCC/transceptorUWB/Hercules/src/hcs.v D:/UNB_HD/TCC/transceptorUWB/Hercules/src/transmitter.v D:/UNB_HD/TCC/transceptorUWB/Hercules/src/chien_search.v D:/UNB_HD/TCC/transceptorUWB/Hercules/src/bch_encoder.v D:/UNB_HD/TCC/transceptorUWB/Hercules/src/mult_bch_63_51.v D:/UNB_HD/TCC/transceptorUWB/Hercules/src/uwb_phy.v D:/UNB_HD/TCC/transceptorUWB/Hercules/src/deinterleaver.v D:/UNB_HD/TCC/transceptorUWB/Hercules/src/bch_decoder.v}
update_compile_order -fileset sources_1
update_compile_order -fileset sources_1
import_files -norecurse {D:/UNB_HD/TCC/transceptorUWB/Hercules/src/shift_reg.v D:/UNB_HD/TCC/transceptorUWB/Hercules/src/receiver.v D:/UNB_HD/TCC/transceptorUWB/Hercules/src/spi.v D:/UNB_HD/TCC/transceptorUWB/Hercules/src/shift_reg_var.v}
update_compile_order -fileset sources_1
import_files -norecurse {D:/UNB_HD/TCC/transceptorUWB/Hercules/src/scrambler.v D:/UNB_HD/TCC/transceptorUWB/Hercules/src/receiver_b.v D:/UNB_HD/TCC/transceptorUWB/Hercules/src/receiver_a.v}
update_compile_order -fileset sources_1
import_files -norecurse D:/UNB_HD/TCC/transceptorUWB/Hercules/src/shr_detector.v
update_compile_order -fileset sources_1
import_files -norecurse {D:/UNB_HD/TCC/transceptorUWB/Hercules/src/shift_reg_interleaver.v D:/UNB_HD/TCC/transceptorUWB/Hercules/src/reg_d.v}
update_compile_order -fileset sources_1
import_files -norecurse {D:/UNB_HD/TCC/transceptorUWB/Hercules/src/kes.v D:/UNB_HD/TCC/transceptorUWB/Hercules/src/mult_mod.v D:/UNB_HD/TCC/transceptorUWB/Hercules/src/syndrome_calc.v}
update_compile_order -fileset sources_1
reset_run synth_1
INFO: [Project 1-1161] Replacing file D:/UNB_HD/TCC/transceptorUWB/Basys3_UWB_PHY/Basys3_UWB_PHY.srcs/utils_1/imports/synth_1/uwb_phy.dcp with file D:/UNB_HD/TCC/transceptorUWB/Basys3_UWB_PHY/Basys3_UWB_PHY.runs/synth_1/uwb_phy.dcp
launch_runs synth_1 -jobs 4
[Mon Oct 13 07:49:37 2025] Launched synth_1...
Run output will be captured here: D:/UNB_HD/TCC/transceptorUWB/Basys3_UWB_PHY/Basys3_UWB_PHY.runs/synth_1/runme.log
reset_run synth_1
INFO: [Project 1-1161] Replacing file D:/UNB_HD/TCC/transceptorUWB/Basys3_UWB_PHY/Basys3_UWB_PHY.srcs/utils_1/imports/synth_1/uwb_phy.dcp with file D:/UNB_HD/TCC/transceptorUWB/Basys3_UWB_PHY/Basys3_UWB_PHY.runs/synth_1/uwb_phy.dcp
launch_runs synth_1 -jobs 4
[Mon Oct 13 10:48:31 2025] Launched synth_1...
Run output will be captured here: D:/UNB_HD/TCC/transceptorUWB/Basys3_UWB_PHY/Basys3_UWB_PHY.runs/synth_1/runme.log
open_run synth_1 -name synth_1
Design is defaulting to impl run constrset: constrs_1
Design is defaulting to synth run part: xc7a35tcpg236-1
INFO: [Device 21-403] Loading part xc7a35tcpg236-1
Netlist sorting complete. Time (s): cpu = 00:00:00 ; elapsed = 00:00:00.257 . Memory (MB): peak = 2076.285 ; gain = 0.000
INFO: [Netlist 29-17] Analyzing 644 Unisim elements for replacement
INFO: [Netlist 29-28] Unisim Transformation completed in 0 CPU seconds
INFO: [Project 1-479] Netlist was created with Vivado 2023.1
INFO: [Project 1-570] Preparing netlist for logic optimization
Parsing XDC File [D:/UNB_HD/TCC/transceptorUWB/Basys3_UWB_PHY/Basys3_UWB_PHY.srcs/constrs_1/imports/VHDL/Basys3_timing.xdc]
Finished Parsing XDC File [D:/UNB_HD/TCC/transceptorUWB/Basys3_UWB_PHY/Basys3_UWB_PHY.srcs/constrs_1/imports/VHDL/Basys3_timing.xdc]
Parsing XDC File [D:/UNB_HD/TCC/transceptorUWB/Basys3_UWB_PHY/Basys3_UWB_PHY.srcs/constrs_1/imports/VHDL/basys3_Master .xdc]
Finished Parsing XDC File [D:/UNB_HD/TCC/transceptorUWB/Basys3_UWB_PHY/Basys3_UWB_PHY.srcs/constrs_1/imports/VHDL/basys3_Master .xdc]
INFO: [Opt 31-138] Pushed 0 inverter(s) to 0 load pin(s).
Netlist sorting complete. Time (s): cpu = 00:00:00 ; elapsed = 00:00:00.032 . Memory (MB): peak = 2223.762 ; gain = 0.000
INFO: [Project 1-111] Unisim Transformation Summary:
No Unisim elements were transformed.

open_run: Time (s): cpu = 00:00:26 ; elapsed = 00:00:20 . Memory (MB): peak = 2318.066 ; gain = 649.922
show_objects -name counter_bch [get_cells -hierarchical -filter { PRIMITIVE_TYPE =~ CARRY.*.* } ]
reset_run synth_1
INFO: [Project 1-1161] Replacing file D:/UNB_HD/TCC/transceptorUWB/Basys3_UWB_PHY/Basys3_UWB_PHY.srcs/utils_1/imports/synth_1/uwb_phy.dcp with file D:/UNB_HD/TCC/transceptorUWB/Basys3_UWB_PHY/Basys3_UWB_PHY.runs/synth_1/uwb_phy.dcp
launch_runs synth_1 -jobs 4
[Mon Oct 13 11:11:20 2025] Launched synth_1...
Run output will be captured here: D:/UNB_HD/TCC/transceptorUWB/Basys3_UWB_PHY/Basys3_UWB_PHY.runs/synth_1/runme.log
exit
INFO: [Common 17-206] Exiting Vivado at Tue Oct 14 14:32:05 2025...
