INFO: [VRFC 10-2263] Analyzing Verilog file "D:/UNB_HD/TCC/transceptorUWB/UWB_PHY/UWB_PHY.srcs/sources_1/imports/src/bch_decoder.v" into library xil_defaultlib
INFO: [VRFC 10-311] analyzing module bch_decoder
INFO: [VRFC 10-2263] Analyzing Verilog file "D:/UNB_HD/TCC/transceptorUWB/UWB_PHY/UWB_PHY.srcs/sources_1/imports/src/bch_encoder.v" into library xil_defaultlib
INFO: [VRFC 10-311] analyzing module bch_encoder
INFO: [VRFC 10-2263] Analyzing Verilog file "D:/UNB_HD/TCC/transceptorUWB/UWB_PHY/UWB_PHY.srcs/sources_1/imports/src/chien_search.v" into library xil_defaultlib
INFO: [VRFC 10-311] analyzing module chien_search
INFO: [VRFC 10-2263] Analyzing Verilog file "D:/UNB_HD/TCC/transceptorUWB/UWB_PHY/UWB_PHY.srcs/sources_1/imports/src/deinterleaver.v" into library xil_defaultlib
INFO: [VRFC 10-311] analyzing module deinterleaver
INFO: [VRFC 10-2263] Analyzing Verilog file "D:/UNB_HD/TCC/transceptorUWB/UWB_PHY/UWB_PHY.srcs/sources_1/imports/src/hcs.v" into library xil_defaultlib
INFO: [VRFC 10-311] analyzing module hcs
INFO: [VRFC 10-2263] Analyzing Verilog file "D:/UNB_HD/TCC/transceptorUWB/UWB_PHY/UWB_PHY.srcs/sources_1/imports/src/interleaver.v" into library xil_defaultlib
INFO: [VRFC 10-311] analyzing module interleaver
INFO: [VRFC 10-2263] Analyzing Verilog file "D:/UNB_HD/TCC/transceptorUWB/UWB_PHY/UWB_PHY.srcs/sources_1/imports/src/kes.v" into library xil_defaultlib
INFO: [VRFC 10-311] analyzing module kes
INFO: [VRFC 10-2263] Analyzing Verilog file "D:/UNB_HD/TCC/transceptorUWB/UWB_PHY/UWB_PHY.srcs/sources_1/imports/src/mult_bch_63_51.v" into library xil_defaultlib
INFO: [VRFC 10-311] analyzing module mult_bch_63_51
INFO: [VRFC 10-2263] Analyzing Verilog file "D:/UNB_HD/TCC/transceptorUWB/UWB_PHY/UWB_PHY.srcs/sources_1/imports/src/mult_mod.v" into library xil_defaultlib
INFO: [VRFC 10-311] analyzing module mult_mod
INFO: [VRFC 10-2263] Analyzing Verilog file "D:/UNB_HD/TCC/transceptorUWB/UWB_PHY/UWB_PHY.srcs/sources_1/imports/src/receiver.v" into library xil_defaultlib
INFO: [VRFC 10-311] analyzing module receiver
INFO: [VRFC 10-2263] Analyzing Verilog file "D:/UNB_HD/TCC/transceptorUWB/UWB_PHY/UWB_PHY.srcs/sources_1/imports/src/receiver_a.v" into library xil_defaultlib
INFO: [VRFC 10-311] analyzing module receiver_a
INFO: [VRFC 10-2263] Analyzing Verilog file "D:/UNB_HD/TCC/transceptorUWB/UWB_PHY/UWB_PHY.srcs/sources_1/imports/src/receiver_b.v" into library xil_defaultlib
INFO: [VRFC 10-311] analyzing module receiver_b
INFO: [VRFC 10-2263] Analyzing Verilog file "D:/UNB_HD/TCC/transceptorUWB/UWB_PHY/UWB_PHY.srcs/sources_1/imports/src/reg_d.v" into library xil_defaultlib
INFO: [VRFC 10-311] analyzing module reg_d
INFO: [VRFC 10-2263] Analyzing Verilog file "D:/UNB_HD/TCC/transceptorUWB/UWB_PHY/UWB_PHY.srcs/sources_1/imports/src/scrambler.v" into library xil_defaultlib
INFO: [VRFC 10-311] analyzing module scrambler
INFO: [VRFC 10-2263] Analyzing Verilog file "D:/UNB_HD/TCC/transceptorUWB/UWB_PHY/UWB_PHY.srcs/sources_1/imports/src/shift_reg.v" into library xil_defaultlib
INFO: [VRFC 10-311] analyzing module shift_reg
INFO: [VRFC 10-2263] Analyzing Verilog file "D:/UNB_HD/TCC/transceptorUWB/UWB_PHY/UWB_PHY.srcs/sources_1/imports/src/shift_reg_interleaver.v" into library xil_defaultlib
INFO: [VRFC 10-311] analyzing module shift_reg_interleaver
INFO: [VRFC 10-2263] Analyzing Verilog file "D:/UNB_HD/TCC/transceptorUWB/UWB_PHY/UWB_PHY.srcs/sources_1/imports/src/shr_detector.v" into library xil_defaultlib
INFO: [VRFC 10-311] analyzing module shr_detector
INFO: [VRFC 10-2263] Analyzing Verilog file "D:/UNB_HD/TCC/transceptorUWB/UWB_PHY/UWB_PHY.srcs/sources_1/imports/src/syndrome_calc.v" into library xil_defaultlib
INFO: [VRFC 10-311] analyzing module syndrome_calc
INFO: [VRFC 10-2263] Analyzing Verilog file "D:/UNB_HD/TCC/transceptorUWB/UWB_PHY/UWB_PHY.srcs/sources_1/imports/src/transmitter.v" into library xil_defaultlib
INFO: [VRFC 10-311] analyzing module transmitter
INFO: [VRFC 10-2263] Analyzing Verilog file "D:/UNB_HD/TCC/transceptorUWB/UWB_PHY/UWB_PHY.srcs/sources_1/imports/src/uwb_phy_riscv.v" into library xil_defaultlib
INFO: [VRFC 10-311] analyzing module uwb_phy_riscv
INFO: [VRFC 10-2263] Analyzing Verilog file "D:/UNB_HD/TCC/transceptorUWB/UWB_PHY/UWB_PHY.srcs/sim_1/imports/tb/uwb_phy_riscv_tb.v" into library xil_defaultlib
INFO: [VRFC 10-311] analyzing module uwb_phy_riscv_tb
INFO: [VRFC 10-2263] Analyzing Verilog file "D:/UNB_HD/TCC/transceptorUWB/UWB_PHY/UWB_PHY.sim/sim_1/behav/xsim/glbl.v" into library xil_defaultlib
INFO: [VRFC 10-311] analyzing module glbl
