Time resolution is 1 ps
////////////////////////////////////////////// Transmitter Test //////////////////////////////////////////////////////////
Re A_reg BCH = 011010001010000000000000000000000000000000110011011001000100110011000010001100000011111011111100010101011001101101100110111000
i =         127
Real     BCH = 011000010001100000011111011111100010101011001101101100110111000
Expected BCH = 011000010001100000011111011111100010101011001101101100110111000
Real     BCH = 011010001010000000000000000000000000000000110011011001000100110
Expected BCH = 011010001010000000000000000000000000000000110011011001000100110
PHR_expected:                 111000000000000000000100
PHR_expected: 1011111100101011111000000000000000000100
PHR         : 1011111100100110111000000000000000000100
PSDU_expected: 3c0ca01240c1c10c0e1cb518326ccce8
PSDU: 3c0ca01240c1c10c0e1cb518326ccce8
////////////////////////////////////////////// Receiver Test //////////////////////////////////////////////////////////
Received PHR: e00004
Expected PHR: e00004

Expected PSDU block 1: 000000019b226
Received PSDU block 1: 000000019b226

Expected PSDU block 2: 40fbf1566d9b8
Expected PSDU block 2: 40fbf1566d9b8

$finish called at time : 71520 ns : File "D:/UNB_HD/TCC/transceptorUWB/UWB_PHY/UWB_PHY.srcs/sim_1/imports/tb/uwb_phy_riscv_tb.v" Line 258
