Copyright 1986-2019 Xilinx, Inc. All Rights Reserved.
---------------------------------------------------------------------------------------------
| Tool Version : Vivado v.2019.2 (win64) Build 2708876 Wed Nov  6 21:40:23 MST 2019
| Date         : Thu Jun  4 23:51:19 2026
| Host         : LAPTOP-E0ACQLBJ running 64-bit major release  (build 9200)
| Command      : report_control_sets -verbose -file design_1_wrapper_control_sets_placed.rpt
| Design       : design_1_wrapper
| Device       : xc7a100t
---------------------------------------------------------------------------------------------

Control Set Information

Table of Contents
-----------------
1. Summary
2. Histogram
3. Flip-Flop Distribution
4. Detailed Control Set Information

1. Summary
----------

+----------------------------------------------------------+-------+
|                          Status                          | Count |
+----------------------------------------------------------+-------+
| Total control sets                                       |    77 |
|    Minimum number of control sets                        |    77 |
|    Addition due to synthesis replication                 |     0 |
|    Addition due to physical synthesis replication        |     0 |
| Unused register locations in slices containing registers |   158 |
+----------------------------------------------------------+-------+
* Control sets can be merged at opt_design using control_set_merge or merge_equivalent_drivers
** Run report_qor_suggestions for automated merging and remapping suggestions


2. Histogram
------------

+--------------------+-------+
|       Fanout       | Count |
+--------------------+-------+
| Total control sets |    77 |
| >= 0 to < 4        |     1 |
| >= 4 to < 6        |    13 |
| >= 6 to < 8        |     9 |
| >= 8 to < 10       |    15 |
| >= 10 to < 12      |     1 |
| >= 12 to < 14      |     2 |
| >= 14 to < 16      |     0 |
| >= 16              |    36 |
+--------------------+-------+
* Control sets can be remapped at either synth_design or opt_design


3. Flip-Flop Distribution
-------------------------

+--------------+-----------------------+------------------------+-----------------+--------------+
| Clock Enable | Synchronous Set/Reset | Asynchronous Set/Reset | Total Registers | Total Slices |
+--------------+-----------------------+------------------------+-----------------+--------------+
| No           | No                    | No                     |             292 |          149 |
| No           | No                    | Yes                    |              36 |           10 |
| No           | Yes                   | No                     |             234 |           75 |
| Yes          | No                    | No                     |             549 |          176 |
| Yes          | No                    | Yes                    |              58 |           12 |
| Yes          | Yes                   | No                     |             665 |          212 |
+--------------+-----------------------+------------------------+-----------------+--------------+


4. Detailed Control Set Information
-----------------------------------

+----------------------------------------------------------------------------------------------------------------------------------------+-------------------------------------------------------------------------------------------------------------------------------------+-------------------------------------------------------------------------------------------------------------------------------------------------------------------------+------------------+----------------+
|                                                              Clock Signal                                                              |                                                            Enable Signal                                                            |                                                                             Set/Reset Signal                                                                            | Slice Load Count | Bel Load Count |
+----------------------------------------------------------------------------------------------------------------------------------------+-------------------------------------------------------------------------------------------------------------------------------------+-------------------------------------------------------------------------------------------------------------------------------------------------------------------------+------------------+----------------+
|  design_1_i/axi4_moving_average_0/U0/axi4_moving_average_irq_ip_v1_0_S00_AXI_inst/media_movel/clk_divided_BUFG                         |                                                                                                                                     | design_1_i/axi4_moving_average_0/U0/axi4_moving_average_irq_ip_v1_0_S00_AXI_inst/media_movel/moving_avg_core/op_block0/shift_reg/genblk1[8].reg_shift/s00_axi_aresetn_0 |                1 |              3 |
|  design_1_i/clk_wiz_0/inst/clk_out1                                                                                                    | design_1_i/axi_gpio_0/U0/AXI_LITE_IPIF_I/I_SLAVE_ATTACHMENT/start2                                                                  | design_1_i/axi_gpio_0/U0/AXI_LITE_IPIF_I/I_SLAVE_ATTACHMENT/I_DECODER/cs_ce_clr                                                                                         |                1 |              4 |
|  design_1_i/clk_wiz_0/inst/clk_out1                                                                                                    |                                                                                                                                     | design_1_i/picorv32_0/inst/picorv32_core/pcpi_mul/instr_mulhu_i_1_n_0                                                                                                   |                1 |              4 |
|  design_1_i/clk_wiz_0/inst/clk_out1                                                                                                    | design_1_i/picorv32_0/inst/picorv32_core/pcpi_timeout_counter[3]_i_2_n_0                                                            | design_1_i/picorv32_0/inst/picorv32_core/pcpi_mul/SS[0]                                                                                                                 |                1 |              4 |
|  design_1_i/clk_wiz_0/inst/clk_out1                                                                                                    |                                                                                                                                     | design_1_i/picorv32_0/inst/picorv32_core/pcpi_div/instr_rem_i_1_n_0                                                                                                     |                1 |              4 |
|  design_1_i/clk_wiz_0/inst/clk_out1                                                                                                    |                                                                                                                                     | design_1_i/axi_gpio_0/U0/AXI_LITE_IPIF_I/I_SLAVE_ATTACHMENT/clear                                                                                                       |                1 |              4 |
|  design_1_i/clk_wiz_0/inst/clk_out1                                                                                                    | design_1_i/picorv32_0/inst/picorv32_core/instr_lui0                                                                                 | design_1_i/picorv32_0/inst/picorv32_core/is_sb_sh_sw_i_1_n_0                                                                                                            |                2 |              4 |
|  design_1_i/clk_wiz_0/inst/clk_out1                                                                                                    | design_1_i/axi_gpio_0/U0/AXI_LITE_IPIF_I/I_SLAVE_ATTACHMENT/bus2ip_addr_i[8]_i_1_n_0                                                | design_1_i/axi_gpio_0/U0/AXI_LITE_IPIF_I/I_SLAVE_ATTACHMENT/SR[0]                                                                                                       |                1 |              4 |
|  design_1_i/clk_wiz_0/inst/clk_out1                                                                                                    | design_1_i/axi_uartlite_0/U0/UARTLITE_CORE_I/BAUD_RATE_I/p_11_out[0]                                                                |                                                                                                                                                                         |                1 |              4 |
|  design_1_i/clk_wiz_0/inst/clk_out1                                                                                                    | design_1_i/picorv32_0/inst/picorv32_core/is_lui_auipc_jal_jalr_addi_add_sub0                                                        | design_1_i/picorv32_0/inst/picorv32_core/instr_timer_i_1_n_0                                                                                                            |                1 |              4 |
|  design_1_i/clk_wiz_0/inst/clk_out1                                                                                                    | design_1_i/axi_uartlite_0/U0/AXI_LITE_IPIF_I/I_SLAVE_ATTACHMENT/start2                                                              | design_1_i/axi_uartlite_0/U0/AXI_LITE_IPIF_I/I_SLAVE_ATTACHMENT/I_DECODER/cs_ce_clr                                                                                     |                1 |              4 |
|  design_1_i/clk_wiz_0/inst/clk_out1                                                                                                    | design_1_i/picorv32_0/inst/picorv32_core/instr_lui0                                                                                 | design_1_i/picorv32_0/inst/picorv32_core/decoded_rs1__0[4]                                                                                                              |                1 |              5 |
|  design_1_i/clk_wiz_0/inst/clk_out1                                                                                                    |                                                                                                                                     | design_1_i/rst_clk_wiz_100M/U0/EXT_LPF/lpf_int                                                                                                                          |                1 |              5 |
|  design_1_i/clk_wiz_0/inst/clk_out1                                                                                                    | design_1_i/picorv32_0/inst/picorv32_core/is_lui_auipc_jal_jalr_addi_add_sub0                                                        | design_1_i/picorv32_0/inst/picorv32_core/instr_lhu_i_1_n_0                                                                                                              |                1 |              5 |
|  design_1_i/clk_wiz_0/inst/clk_out1                                                                                                    | design_1_i/rst_clk_wiz_100M/U0/SEQ/seq_cnt_en                                                                                       | design_1_i/rst_clk_wiz_100M/U0/SEQ/SEQ_COUNTER/clear                                                                                                                    |                1 |              6 |
|  design_1_i/clk_wiz_0/inst/clk_out1                                                                                                    |                                                                                                                                     | design_1_i/axi_bram_ctrl_0/U0/gext_inst.abcv4_0_ext_inst/GEN_AXI4LITE.I_AXI_LITE/s_axi_aresetn_0                                                                        |                2 |              6 |
|  design_1_i/clk_wiz_0/inst/clk_out1                                                                                                    |                                                                                                                                     | design_1_i/axi_uartlite_0/U0/UARTLITE_CORE_I/UARTLITE_RX_I/SRL_FIFO_I/I_SRL_FIFO_RBU_F/CNTR_INCR_DECR_ADDN_F_I/SS[0]                                                    |                2 |              6 |
|  design_1_i/axi4_moving_average_0/U0/axi4_moving_average_irq_ip_v1_0_S00_AXI_inst/media_movel/moving_avg_core/fsm0/mean_ld_reg_i_1_n_0 |                                                                                                                                     |                                                                                                                                                                         |                2 |              6 |
|  design_1_i/clk_wiz_0/inst/clk_out1                                                                                                    |                                                                                                                                     | design_1_i/axi_uartlite_0/U0/UARTLITE_CORE_I/UARTLITE_TX_I/SRL_FIFO_I/I_SRL_FIFO_RBU_F/CNTR_INCR_DECR_ADDN_F_I/SS[0]                                                    |                2 |              6 |
|  design_1_i/clk_wiz_0/inst/clk_out1                                                                                                    | design_1_i/picorv32_0/inst/picorv32_core/pcpi_mul/cpu_state_reg[6]                                                                  | design_1_i/picorv32_0/inst/picorv32_core/pcpi_mul/mem_do_prefetch_reg                                                                                                   |                2 |              6 |
|  design_1_i/clk_wiz_0/inst/clk_out1                                                                                                    |                                                                                                                                     | design_1_i/axi_bram_ctrl_1/U0/gext_inst.abcv4_0_ext_inst/GEN_AXI4LITE.I_AXI_LITE/s_axi_aresetn_0                                                                        |                2 |              6 |
|  design_1_i/clk_wiz_0/inst/clk_out1                                                                                                    | design_1_i/picorv32_0/inst/picorv32_core/latched_rd[5]_i_1_n_0                                                                      |                                                                                                                                                                         |                2 |              6 |
|  design_1_i/clk_wiz_0/inst/clk_out1                                                                                                    | design_1_i/axi_uartlite_0/U0/UARTLITE_CORE_I/BAUD_RATE_I/p_11_out[0]                                                                | design_1_i/axi_uartlite_0/U0/UARTLITE_CORE_I/UARTLITE_RX_I/SERIAL_TO_PARALLEL[8].fifo_din[8]_i_1_n_0                                                                    |                2 |              7 |
|  design_1_i/clk_wiz_0/inst/clk_out1                                                                                                    | design_1_i/axi4_moving_average_0/U0/axi4_moving_average_irq_ip_v1_0_S00_AXI_inst/slv_reg3[23]_i_1_n_0                               | design_1_i/axi4_moving_average_0/U0/axi4_moving_average_irq_ip_v1_0_S00_AXI_inst/media_movel/moving_avg_core/op_block0/shift_reg/genblk1[8].reg_shift/s00_axi_aresetn_0 |                1 |              8 |
|  design_1_i/clk_wiz_0/inst/clk_out1                                                                                                    | design_1_i/axi4_moving_average_0/U0/axi4_moving_average_irq_ip_v1_0_S00_AXI_inst/slv_reg3[31]_i_1_n_0                               | design_1_i/axi4_moving_average_0/U0/axi4_moving_average_irq_ip_v1_0_S00_AXI_inst/media_movel/moving_avg_core/op_block0/shift_reg/genblk1[8].reg_shift/s00_axi_aresetn_0 |                2 |              8 |
|  design_1_i/clk_wiz_0/inst/clk_out1                                                                                                    | design_1_i/axi4_moving_average_0/U0/axi4_moving_average_irq_ip_v1_0_S00_AXI_inst/slv_reg3[7]_i_1_n_0                                | design_1_i/axi4_moving_average_0/U0/axi4_moving_average_irq_ip_v1_0_S00_AXI_inst/media_movel/moving_avg_core/op_block0/shift_reg/genblk1[8].reg_shift/s00_axi_aresetn_0 |                2 |              8 |
|  design_1_i/clk_wiz_0/inst/clk_out1                                                                                                    | design_1_i/axi4_moving_average_0/U0/axi4_moving_average_irq_ip_v1_0_S00_AXI_inst/slv_reg3[15]_i_1_n_0                               | design_1_i/axi4_moving_average_0/U0/axi4_moving_average_irq_ip_v1_0_S00_AXI_inst/media_movel/moving_avg_core/op_block0/shift_reg/genblk1[8].reg_shift/s00_axi_aresetn_0 |                1 |              8 |
|  design_1_i/clk_wiz_0/inst/clk_out1                                                                                                    | design_1_i/axi4_moving_average_0/U0/axi4_moving_average_irq_ip_v1_0_S00_AXI_inst/slv_reg0[23]_i_1_n_0                               | design_1_i/axi4_moving_average_0/U0/axi4_moving_average_irq_ip_v1_0_S00_AXI_inst/media_movel/moving_avg_core/op_block0/shift_reg/genblk1[8].reg_shift/s00_axi_aresetn_0 |                1 |              8 |
|  design_1_i/clk_wiz_0/inst/clk_out1                                                                                                    | design_1_i/axi4_moving_average_0/U0/axi4_moving_average_irq_ip_v1_0_S00_AXI_inst/slv_reg2[23]_i_1_n_0                               | design_1_i/axi4_moving_average_0/U0/axi4_moving_average_irq_ip_v1_0_S00_AXI_inst/media_movel/moving_avg_core/op_block0/shift_reg/genblk1[8].reg_shift/s00_axi_aresetn_0 |                1 |              8 |
|  design_1_i/clk_wiz_0/inst/clk_out1                                                                                                    | design_1_i/axi4_moving_average_0/U0/axi4_moving_average_irq_ip_v1_0_S00_AXI_inst/slv_reg0[15]_i_1_n_0                               | design_1_i/axi4_moving_average_0/U0/axi4_moving_average_irq_ip_v1_0_S00_AXI_inst/media_movel/moving_avg_core/op_block0/shift_reg/genblk1[8].reg_shift/s00_axi_aresetn_0 |                1 |              8 |
|  design_1_i/clk_wiz_0/inst/clk_out1                                                                                                    | design_1_i/axi4_moving_average_0/U0/axi4_moving_average_irq_ip_v1_0_S00_AXI_inst/slv_reg2[15]_i_1_n_0                               | design_1_i/axi4_moving_average_0/U0/axi4_moving_average_irq_ip_v1_0_S00_AXI_inst/media_movel/moving_avg_core/op_block0/shift_reg/genblk1[8].reg_shift/s00_axi_aresetn_0 |                1 |              8 |
|  design_1_i/clk_wiz_0/inst/clk_out1                                                                                                    | design_1_i/axi_uartlite_0/U0/UARTLITE_CORE_I/UARTLITE_RX_I/SRL_FIFO_I/I_SRL_FIFO_RBU_F/DYNSHREG_F_I/fifo_wr                         |                                                                                                                                                                         |                1 |              8 |
|  design_1_i/clk_wiz_0/inst/clk_out1                                                                                                    | design_1_i/axi_uartlite_0/U0/AXI_LITE_IPIF_I/I_SLAVE_ATTACHMENT/I_DECODER/fifo_wr                                                   |                                                                                                                                                                         |                1 |              8 |
|  design_1_i/clk_wiz_0/inst/clk_out1                                                                                                    | design_1_i/axi_uartlite_0/U0/AXI_LITE_IPIF_I/I_SLAVE_ATTACHMENT/s_axi_rresp_i                                                       | design_1_i/axi_uartlite_0/U0/AXI_LITE_IPIF_I/I_SLAVE_ATTACHMENT/rst                                                                                                     |                4 |              8 |
|  design_1_i/clk_wiz_0/inst/clk_out1                                                                                                    | design_1_i/axi4_moving_average_0/U0/axi4_moving_average_irq_ip_v1_0_S00_AXI_inst/slv_reg2[31]_i_1_n_0                               | design_1_i/axi4_moving_average_0/U0/axi4_moving_average_irq_ip_v1_0_S00_AXI_inst/media_movel/moving_avg_core/op_block0/shift_reg/genblk1[8].reg_shift/s00_axi_aresetn_0 |                1 |              8 |
|  design_1_i/clk_wiz_0/inst/clk_out1                                                                                                    | design_1_i/axi4_moving_average_0/U0/axi4_moving_average_irq_ip_v1_0_S00_AXI_inst/slv_reg0[7]_i_1_n_0                                | design_1_i/axi4_moving_average_0/U0/axi4_moving_average_irq_ip_v1_0_S00_AXI_inst/media_movel/moving_avg_core/op_block0/shift_reg/genblk1[8].reg_shift/s00_axi_aresetn_0 |                2 |              8 |
|  design_1_i/clk_wiz_0/inst/clk_out1                                                                                                    | design_1_i/axi4_moving_average_0/U0/axi4_moving_average_irq_ip_v1_0_S00_AXI_inst/slv_reg0[31]_i_1_n_0                               | design_1_i/axi4_moving_average_0/U0/axi4_moving_average_irq_ip_v1_0_S00_AXI_inst/media_movel/moving_avg_core/op_block0/shift_reg/genblk1[8].reg_shift/s00_axi_aresetn_0 |                2 |              8 |
|  design_1_i/clk_wiz_0/inst/clk_out1                                                                                                    | design_1_i/axi4_moving_average_0/U0/axi4_moving_average_irq_ip_v1_0_S00_AXI_inst/slv_reg2[7]_i_1_n_0                                | design_1_i/axi4_moving_average_0/U0/axi4_moving_average_irq_ip_v1_0_S00_AXI_inst/media_movel/moving_avg_core/op_block0/shift_reg/genblk1[8].reg_shift/s00_axi_aresetn_0 |                1 |              8 |
|  design_1_i/clk_wiz_0/inst/clk_out1                                                                                                    |                                                                                                                                     | design_1_i/axi_uartlite_0/U0/AXI_LITE_IPIF_I/I_SLAVE_ATTACHMENT/rst                                                                                                     |                3 |             10 |
|  design_1_i/clk_wiz_0/inst/clk_out1                                                                                                    | design_1_i/picorv32_0/inst/picorv32_core/is_lui_auipc_jal_jalr_addi_add_sub0                                                        | design_1_i/picorv32_0/inst/picorv32_core/decoded_imm[31]_i_1_n_0                                                                                                        |                2 |             12 |
|  design_1_i/clk_wiz_0/inst/clk_out1                                                                                                    |                                                                                                                                     | design_1_i/axi_interconnect_0/xbar/inst/gen_sasd.crossbar_sasd_0/addr_arbiter_inst/SR[0]                                                                                |                4 |             13 |
|  design_1_i/clk_wiz_0/inst/clk_out1                                                                                                    |                                                                                                                                     | design_1_i/axi_gpio_0/U0/gpio_core_1/Read_Reg_Rst__0                                                                                                                    |                2 |             16 |
|  design_1_i/clk_wiz_0/inst/clk_out1                                                                                                    | design_1_i/axi_gpio_0/U0/AXI_LITE_IPIF_I/I_SLAVE_ATTACHMENT/s_axi_rresp_i                                                           | design_1_i/axi_gpio_0/U0/AXI_LITE_IPIF_I/I_SLAVE_ATTACHMENT/SR[0]                                                                                                       |                5 |             17 |
|  design_1_i/clk_wiz_0/inst/clk_out1                                                                                                    | design_1_i/picorv32_0/inst/picorv32_core/mem_xfer                                                                                   |                                                                                                                                                                         |                5 |             18 |
|  design_1_i/axi4_moving_average_0/U0/axi4_moving_average_irq_ip_v1_0_S00_AXI_inst/media_movel/clk_divided_BUFG                         | design_1_i/axi4_moving_average_0/U0/axi4_moving_average_irq_ip_v1_0_S00_AXI_inst/media_movel/moving_avg_core/fsm0/done              | design_1_i/axi4_moving_average_0/U0/axi4_moving_average_irq_ip_v1_0_S00_AXI_inst/media_movel/moving_avg_core/op_block0/shift_reg/genblk1[8].reg_shift/s00_axi_aresetn_0 |                5 |             19 |
|  design_1_i/clk_wiz_0/inst/clk_out1                                                                                                    | design_1_i/picorv32_0/inst/picorv32_core/is_lui_auipc_jal_jalr_addi_add_sub0                                                        | design_1_i/picorv32_0/inst/picorv32_core/trap_i_1_n_0                                                                                                                   |                5 |             22 |
|  design_1_i/clk_wiz_0/inst/clk_out1                                                                                                    | design_1_i/axi_uartlite_0/U0/UARTLITE_CORE_I/BAUD_RATE_I/p_11_out[0]                                                                | design_1_i/axi_uartlite_0/U0/UARTLITE_CORE_I/UARTLITE_RX_I/s_axi_aresetn_0                                                                                              |                8 |             28 |
|  design_1_i/clk_wiz_0/inst/clk_out1                                                                                                    |                                                                                                                                     | design_1_i/axi_uartlite_0/U0/UARTLITE_CORE_I/UARTLITE_RX_I/s_axi_aresetn_0                                                                                              |               11 |             29 |
|  design_1_i/clk_wiz_0/inst/clk_out1                                                                                                    | design_1_i/axi_interconnect_0/xbar/inst/gen_sasd.crossbar_sasd_0/addr_arbiter_inst/p_0_in1_in                                       | design_1_i/axi_interconnect_0/xbar/inst/gen_sasd.crossbar_sasd_0/addr_arbiter_inst/SR[0]                                                                                |               10 |             30 |
|  design_1_i/clk_wiz_0/inst/clk_out1                                                                                                    | design_1_i/picorv32_0/inst/picorv32_core/pcpi_div/divisor                                                                           | design_1_i/picorv32_0/inst/picorv32_core/pcpi_div/divisor[30]_i_1_n_0                                                                                                   |               11 |             31 |
|  design_1_i/clk_wiz_0/inst/clk_out1                                                                                                    | design_1_i/picorv32_0/inst/picorv32_core/instr_lui0                                                                                 |                                                                                                                                                                         |                9 |             31 |
|  design_1_i/clk_wiz_0/inst/clk_out1                                                                                                    |                                                                                                                                     | design_1_i/axi_gpio_0/U0/AXI_LITE_IPIF_I/I_SLAVE_ATTACHMENT/SR[0]                                                                                                       |               10 |             32 |
|  design_1_i/clk_wiz_0/inst/clk_out1                                                                                                    | design_1_i/picorv32_0/inst/picorv32_core/pcpi_mul/pcpi_wr0                                                                          |                                                                                                                                                                         |               12 |             32 |
|  design_1_i/clk_wiz_0/inst/clk_out1                                                                                                    | design_1_i/axi4_moving_average_0/U0/axi4_moving_average_irq_ip_v1_0_S00_AXI_inst/slv_reg_rden                                       | design_1_i/axi4_moving_average_0/U0/axi4_moving_average_irq_ip_v1_0_S00_AXI_inst/media_movel/moving_avg_core/op_block0/shift_reg/genblk1[8].reg_shift/s00_axi_aresetn_0 |               11 |             32 |
|  design_1_i/clk_wiz_0/inst/clk_out1                                                                                                    | design_1_i/picorv32_0/inst/picorv32_core/pcpi_div/dividend                                                                          |                                                                                                                                                                         |                8 |             32 |
|  design_1_i/clk_wiz_0/inst/clk_out1                                                                                                    | design_1_i/picorv32_0/inst/picorv32_core/timer                                                                                      | design_1_i/picorv32_0/inst/picorv32_core/trap_i_1_n_0                                                                                                                   |               21 |             32 |
|  design_1_i/clk_wiz_0/inst/clk_out1                                                                                                    | design_1_i/picorv32_0/inst/picorv32_core/reg_op1[31]_i_1_n_0                                                                        |                                                                                                                                                                         |               23 |             32 |
|  design_1_i/clk_wiz_0/inst/clk_out1                                                                                                    | design_1_i/picorv32_0/inst/picorv32_core/irq_mask                                                                                   | design_1_i/picorv32_0/inst/picorv32_core/trap_i_1_n_0                                                                                                                   |               22 |             32 |
|  design_1_i/clk_wiz_0/inst/clk_out1                                                                                                    | design_1_i/axi_gpio_0/U0/AXI_LITE_IPIF_I/I_SLAVE_ATTACHMENT/I_DECODER/E[0]                                                          | design_1_i/axi_gpio_0/U0/AXI_LITE_IPIF_I/I_SLAVE_ATTACHMENT/SR[0]                                                                                                       |                7 |             32 |
|  design_1_i/clk_wiz_0/inst/clk_out1                                                                                                    | design_1_i/picorv32_0/inst/picorv32_core/reg_op2[31]_i_1_n_0                                                                        |                                                                                                                                                                         |               11 |             32 |
|  design_1_i/clk_wiz_0/inst/clk_out1                                                                                                    | design_1_i/picorv32_0/inst/picorv32_core/mem_wdata[31]_i_1_n_0                                                                      |                                                                                                                                                                         |                7 |             32 |
|  design_1_i/clk_wiz_0/inst/clk_out1                                                                                                    | design_1_i/picorv32_0/inst/picorv32_core/pcpi_div/quotient                                                                          | design_1_i/picorv32_0/inst/picorv32_core/pcpi_div/quotient_msk[31]_i_1_n_0                                                                                              |               12 |             32 |
|  design_1_i/axi4_moving_average_0/U0/axi4_moving_average_irq_ip_v1_0_S00_AXI_inst/media_movel/clk_divided_BUFG                         | design_1_i/axi4_moving_average_0/U0/axi4_moving_average_irq_ip_v1_0_S00_AXI_inst/media_movel/moving_avg_core/fsm0/shift_register_ld |                                                                                                                                                                         |                4 |             32 |
|  design_1_i/clk_wiz_0/inst/clk_out1                                                                                                    | design_1_i/picorv32_0/inst/picorv32_core/pcpi_div/quotient_msk                                                                      | design_1_i/picorv32_0/inst/picorv32_core/pcpi_div/quotient_msk[31]_i_1_n_0                                                                                              |                9 |             32 |
|  design_1_i/clk_wiz_0/inst/clk_out1                                                                                                    | design_1_i/picorv32_0/inst/picorv32_core/pcpi_div/divisor                                                                           |                                                                                                                                                                         |                9 |             32 |
|  design_1_i/clk_wiz_0/inst/clk_out1                                                                                                    | design_1_i/axi_interconnect_0/xbar/inst/gen_sasd.crossbar_sasd_0/addr_arbiter_inst/E[0]                                             |                                                                                                                                                                         |                6 |             33 |
|  design_1_i/clk_wiz_0/inst/clk_out1                                                                                                    | design_1_i/picorv32_0/inst/picorv32_core/mem_addr[31]_i_1_n_0                                                                       |                                                                                                                                                                         |               21 |             34 |
|  design_1_i/axi4_moving_average_0/U0/axi4_moving_average_irq_ip_v1_0_S00_AXI_inst/media_movel/clk_divided_BUFG                         | design_1_i/axi4_moving_average_0/U0/axi4_moving_average_irq_ip_v1_0_S00_AXI_inst/media_movel/moving_avg_core/fsm0/shift_register_ld | design_1_i/axi4_moving_average_0/U0/axi4_moving_average_irq_ip_v1_0_S00_AXI_inst/media_movel/moving_avg_core/op_block0/shift_reg/genblk1[8].reg_shift/s00_axi_aresetn_0 |                7 |             39 |
|  design_1_i/clk_wiz_0/inst/clk_out1                                                                                                    |                                                                                                                                     | design_1_i/axi4_moving_average_0/U0/axi4_moving_average_irq_ip_v1_0_S00_AXI_inst/media_movel/moving_avg_core/op_block0/shift_reg/genblk1[8].reg_shift/s00_axi_aresetn_0 |               14 |             45 |
|  design_1_i/clk_wiz_0/inst/clk_out1                                                                                                    | design_1_i/rst_clk_wiz_100M/U0/peripheral_aresetn[0]                                                                                | design_1_i/picorv32_0/inst/picorv32_core/pcpi_mul/mul_counter[6]                                                                                                        |               16 |             47 |
|  design_1_i/clk_wiz_0/inst/clk_out1                                                                                                    | design_1_i/picorv32_0/inst/picorv32_core/is_lui_auipc_jal_jalr_addi_add_sub0                                                        |                                                                                                                                                                         |               16 |             51 |
|  design_1_i/clk_wiz_0/inst/clk_out1                                                                                                    | design_1_i/picorv32_0/inst/picorv32_core/reg_pc                                                                                     | design_1_i/picorv32_0/inst/picorv32_core/trap_i_1_n_0                                                                                                                   |               22 |             64 |
|  design_1_i/clk_wiz_0/inst/clk_out1                                                                                                    | design_1_i/picorv32_0/inst/picorv32_core/irq_delay                                                                                  | design_1_i/picorv32_0/inst/picorv32_core/trap_i_1_n_0                                                                                                                   |               17 |             65 |
|  design_1_i/clk_wiz_0/inst/clk_out1                                                                                                    |                                                                                                                                     | design_1_i/picorv32_0/inst/picorv32_core/trap_i_1_n_0                                                                                                                   |               28 |             81 |
|  design_1_i/clk_wiz_0/inst/clk_out1                                                                                                    | design_1_i/picorv32_0/inst/picorv32_core/p_0_in__0                                                                                  |                                                                                                                                                                         |               22 |             88 |
|  design_1_i/clk_wiz_0/inst/clk_out1                                                                                                    | design_1_i/rst_clk_wiz_100M/U0/peripheral_aresetn[0]                                                                                |                                                                                                                                                                         |               42 |            166 |
|  design_1_i/clk_wiz_0/inst/clk_out1                                                                                                    |                                                                                                                                     |                                                                                                                                                                         |              148 |            289 |
+----------------------------------------------------------------------------------------------------------------------------------------+-------------------------------------------------------------------------------------------------------------------------------------+-------------------------------------------------------------------------------------------------------------------------------------------------------------------------+------------------+----------------+


