Copyright 1986-2019 Xilinx, Inc. All Rights Reserved.
------------------------------------------------------------------------------------
| Tool Version : Vivado v.2019.2 (win64) Build 2708876 Wed Nov  6 21:40:23 MST 2019
| Date         : Sat May 23 11:27:10 2026
| Host         : LAPTOP-E0ACQLBJ running 64-bit major release  (build 9200)
| Command      : upgrade_ip
| Device       : xc7a100tcsg324-1
------------------------------------------------------------------------------------

Upgrade Log for IP 'design_1_util_vector_logic_0_0'

1. Summary
----------

SUCCESS in the conversion of design_1_util_vector_logic_0_0 (xilinx.com:ip:util_vector_logic:2.0 (Rev. 1)) to Vivado generation flows.






Copyright 1986-2019 Xilinx, Inc. All Rights Reserved.
------------------------------------------------------------------------------------
| Tool Version : Vivado v.2019.2 (win64) Build 2708876 Wed Nov  6 21:40:23 MST 2019
| Date         : Sat May 23 11:27:10 2026
| Host         : LAPTOP-E0ACQLBJ running 64-bit major release  (build 9200)
| Command      : upgrade_ip
| Device       : xc7a100tcsg324-1
------------------------------------------------------------------------------------

Upgrade Log for IP 'design_1_rst_clk_wiz_100M_1'

1. Summary
----------

SUCCESS in the conversion of design_1_rst_clk_wiz_100M_1 (xilinx.com:ip:proc_sys_reset:5.0 (Rev. 13)) to Vivado generation flows.






Copyright 1986-2019 Xilinx, Inc. All Rights Reserved.
------------------------------------------------------------------------------------
| Tool Version : Vivado v.2019.2 (win64) Build 2708876 Wed Nov  6 21:40:23 MST 2019
| Date         : Sat May 23 11:27:10 2026
| Host         : LAPTOP-E0ACQLBJ running 64-bit major release  (build 9200)
| Command      : upgrade_ip
| Device       : xc7a100tcsg324-1
------------------------------------------------------------------------------------

Upgrade Log for IP 'design_1_neorv32_vivado_ip_0_0'

1. Summary
----------

SUCCESS in the conversion of design_1_neorv32_vivado_ip_0_0 (NEORV32:user:neorv32_vivado_ip:1.0 (Rev. 1)) to Vivado generation flows.






Copyright 1986-2019 Xilinx, Inc. All Rights Reserved.
------------------------------------------------------------------------------------
| Tool Version : Vivado v.2019.2 (win64) Build 2708876 Wed Nov  6 21:40:23 MST 2019
| Date         : Sat May 23 11:27:10 2026
| Host         : LAPTOP-E0ACQLBJ running 64-bit major release  (build 9200)
| Command      : upgrade_ip
| Device       : xc7a100tcsg324-1
------------------------------------------------------------------------------------

Upgrade Log for IP 'design_1_clk_wiz_0_0'

1. Summary
----------

SUCCESS in the conversion of design_1_clk_wiz_0_0 (xilinx.com:ip:clk_wiz:6.0 (Rev. 4)) to Vivado generation flows.






Copyright 1986-2019 Xilinx, Inc. All Rights Reserved.
------------------------------------------------------------------------------------
| Tool Version : Vivado v.2019.2 (win64) Build 2708876 Wed Nov  6 21:40:23 MST 2019
| Date         : Sat May 23 11:27:10 2026
| Host         : LAPTOP-E0ACQLBJ running 64-bit major release  (build 9200)
| Command      : upgrade_ip
| Device       : xc7a100tcsg324-1
------------------------------------------------------------------------------------

Upgrade Log for IP 'design_1_axi_interconnect_0_0'

1. Summary
----------

SUCCESS in the conversion of design_1_axi_interconnect_0_0 (xilinx.com:ip:axi_interconnect:2.1 (Rev. 21)) to Vivado generation flows.






Copyright 1986-2019 Xilinx, Inc. All Rights Reserved.
------------------------------------------------------------------------------------
| Tool Version : Vivado v.2019.2 (win64) Build 2708876 Wed Nov  6 21:40:23 MST 2019
| Date         : Sat May 23 11:27:09 2026
| Host         : LAPTOP-E0ACQLBJ running 64-bit major release  (build 9200)
| Command      : upgrade_ip
| Device       : xc7a100tcsg324-1
------------------------------------------------------------------------------------

Upgrade Log for IP 'design_1_axi_gpio_0_0'

1. Summary
----------

SUCCESS in the conversion of design_1_axi_gpio_0_0 (xilinx.com:ip:axi_gpio:2.0 (Rev. 22)) to Vivado generation flows.






Copyright 1986-2019 Xilinx, Inc. All Rights Reserved.
------------------------------------------------------------------------------------
| Tool Version : Vivado v.2019.2 (win64) Build 2708876 Wed Nov  6 21:40:23 MST 2019
| Date         : Sat May 23 11:27:09 2026
| Host         : LAPTOP-E0ACQLBJ running 64-bit major release  (build 9200)
| Command      : upgrade_ip
| Device       : xc7a100tcsg324-1
------------------------------------------------------------------------------------

Upgrade Log for IP 'design_1_axi4_moving_average_0_3'

1. Summary
----------

SUCCESS in the conversion of design_1_axi4_moving_average_0_3 (xilinx.com:user:axi4_moving_average_irq_ip:1.0 (Rev. 45)) to Vivado generation flows.






Copyright 1986-2019 Xilinx, Inc. All Rights Reserved.
------------------------------------------------------------------------------------
| Tool Version : Vivado v.2019.2 (win64) Build 2708876 Wed Nov  6 21:40:23 MST 2019
| Date         : Fri May 22 15:58:48 2026
| Host         : LAPTOP-E0ACQLBJ running 64-bit major release  (build 9200)
| Command      : upgrade_ip
| Device       : xc7a35tcpg236-1
------------------------------------------------------------------------------------

Upgrade Log for IP 'design_1_axi4_moving_average_0_3'

1. Summary
----------

SUCCESS in the conversion of design_1_axi4_moving_average_0_3 (xilinx.com:user:axi4_moving_average_irq_ip:1.0 (Rev. 45)) to Vivado generation flows.






Copyright 1986-2019 Xilinx, Inc. All Rights Reserved.
------------------------------------------------------------------------------------
| Tool Version : Vivado v.2019.2 (win64) Build 2708876 Wed Nov  6 21:40:23 MST 2019
| Date         : Fri May 22 15:58:25 2026
| Host         : LAPTOP-E0ACQLBJ running 64-bit major release  (build 9200)
| Command      : upgrade_ip
| Device       : xc7a35tcpg236-1
------------------------------------------------------------------------------------

Upgrade Log for IP 'design_1_axi4_moving_average_0_3'

1. Summary
----------

SUCCESS in the upgrade of design_1_axi4_moving_average_0_3 (xilinx.com:user:axi4_moving_average_irq_ip:1.0) from (Rev. 44) to (Rev. 45)






Copyright 1986-2019 Xilinx, Inc. All Rights Reserved.
------------------------------------------------------------------------------------
| Tool Version : Vivado v.2019.2 (win64) Build 2708876 Wed Nov  6 21:40:23 MST 2019
| Date         : Fri May 22 15:45:09 2026
| Host         : LAPTOP-E0ACQLBJ running 64-bit major release  (build 9200)
| Command      : upgrade_ip
| Device       : xc7a35tcpg236-1
------------------------------------------------------------------------------------

Upgrade Log for IP 'design_1_axi4_moving_average_0_3'

1. Summary
----------

SUCCESS in the conversion of design_1_axi4_moving_average_0_3 (xilinx.com:user:axi4_moving_average_irq_ip:1.0 (Rev. 44)) to Vivado generation flows.






Copyright 1986-2019 Xilinx, Inc. All Rights Reserved.
------------------------------------------------------------------------------------
| Tool Version : Vivado v.2019.2 (win64) Build 2708876 Wed Nov  6 21:40:23 MST 2019
| Date         : Fri May 22 15:42:58 2026
| Host         : LAPTOP-E0ACQLBJ running 64-bit major release  (build 9200)
| Command      : upgrade_ip
| Device       : xc7a35tcpg236-1
------------------------------------------------------------------------------------

Upgrade Log for IP 'design_1_axi4_moving_average_0_3'

1. Summary
----------

CAUTION (success, with warnings) in the upgrade of design_1_axi4_moving_average_0_3 (xilinx.com:user:axi4_moving_average_irq_ip:1.0) from (Rev. 38) to (Rev. 44)

After upgrade, an IP may have parameter and port differences compared to the original customization. Please review the parameters within the IP customization GUI to ensure proper functionality. Also, please review the updated IP instantiation template to ensure proper connectivity, and update your design if required.

2. Connection Warnings
----------------------

Detected external port differences while upgrading 'design_1_axi4_moving_average_0_3'. These changes may impact your design.


-Upgrade has added port 'irq_out'


